[16:51:30] [main/INFO] (FabricLoader/GameProvider) Loading Minecraft 1.20.1 with Fabric Loader 0.15.11
[16:51:31] [main/INFO] (FabricLoader) Loading 60 mods:
	- csa 1.0-SNAPSHOT
	- devlogin 3.3
	- fabric-api 0.92.1+1.20.1
	- fabric-api-base 0.4.31+1802ada577
	- fabric-api-lookup-api-v1 1.6.36+1802ada577
	- fabric-biome-api-v1 13.0.13+1802ada577
	- fabric-block-api-v1 1.0.11+1802ada577
	- fabric-block-view-api-v2 1.0.1+1802ada577
	- fabric-blockrenderlayer-v1 1.1.41+1802ada577
	- fabric-client-tags-api-v1 1.1.2+1802ada577
	- fabric-command-api-v1 1.2.34+f71b366f77
	- fabric-command-api-v2 2.2.13+1802ada577
	- fabric-commands-v0 0.2.51+df3654b377
	- fabric-containers-v0 0.1.64+df3654b377
	- fabric-content-registries-v0 4.0.11+1802ada577
	- fabric-convention-tags-v1 1.5.5+1802ada577
	- fabric-crash-report-info-v1 0.2.19+1802ada577
	- fabric-data-attachment-api-v1 1.0.0+de0fd6d177
	- fabric-data-generation-api-v1 12.3.4+1802ada577
	- fabric-dimensions-v1 2.1.54+1802ada577
	- fabric-entity-events-v1 1.6.0+1c78457f77
	- fabric-events-interaction-v0 0.6.2+1802ada577
	- fabric-events-lifecycle-v0 0.2.63+df3654b377
	- fabric-game-rule-api-v1 1.0.40+1802ada577
	- fabric-gametest-api-v1 1.2.13+1802ada577
	- fabric-item-api-v1 2.1.28+1802ada577
	- fabric-item-group-api-v1 4.0.12+1802ada577
	- fabric-key-binding-api-v1 1.0.37+1802ada577
	- fabric-keybindings-v0 0.2.35+df3654b377
	- fabric-lifecycle-events-v1 2.2.22+1802ada577
	- fabric-loot-api-v2 1.2.1+1802ada577
	- fabric-loot-tables-v1 1.1.45+9e7660c677
	- fabric-message-api-v1 5.1.9+1802ada577
	- fabric-mining-level-api-v1 2.1.50+1802ada577
	- fabric-model-loading-api-v1 1.0.3+1802ada577
	- fabric-models-v0 0.4.2+9386d8a777
	- fabric-networking-api-v1 1.3.11+1802ada577
	- fabric-networking-v0 0.3.51+df3654b377
	- fabric-object-builder-api-v1 11.1.3+1802ada577
	- fabric-particles-v1 1.1.2+1802ada577
	- fabric-recipe-api-v1 1.0.21+1802ada577
	- fabric-registry-sync-v0 2.3.3+1802ada577
	- fabric-renderer-api-v1 3.2.1+1802ada577
	- fabric-renderer-indigo 1.5.1+1802ada577
	- fabric-renderer-registries-v1 3.2.46+df3654b377
	- fabric-rendering-data-attachment-v1 0.3.37+92a0d36777
	- fabric-rendering-fluids-v1 3.0.28+1802ada577
	- fabric-rendering-v0 1.1.49+df3654b377
	- fabric-rendering-v1 3.0.8+1802ada577
	- fabric-resource-conditions-api-v1 2.3.8+1802ada577
	- fabric-resource-loader-v0 0.11.10+1802ada577
	- fabric-screen-api-v1 2.0.8+1802ada577
	- fabric-screen-handler-api-v1 1.3.30+1802ada577
	- fabric-sound-api-v1 1.0.13+1802ada577
	- fabric-transfer-api-v1 3.3.5+8dd72ea377
	- fabric-transitive-access-wideners-v1 4.3.1+1802ada577
	- fabricloader 0.15.11
	   \-- mixinextras 0.3.5
	- java 17
	- minecraft 1.20.1
[16:51:31] [main/INFO] (FabricLoader/Mixin) SpongePowered MIXIN Subsystem Version=0.8.5 Source=file:/Users/hyukjoon/.gradle/caches/modules-2/files-2.1/net.fabricmc/sponge-mixin/0.13.3+mixin.0.8.5/9527e6b0d2449408958fd1302594dc65ec5ade9c/sponge-mixin-0.13.3+mixin.0.8.5.jar Service=Knot/Fabric Env=CLIENT
[16:51:31] [main/INFO] (FabricLoader/Mixin) Loaded Fabric development mappings for mixin remapper!
[16:51:31] [main/INFO] (FabricLoader/Mixin) Compatibility level set to JAVA_16
[16:51:31] [main/INFO] (FabricLoader/Mixin) Compatibility level set to JAVA_17
[16:51:31] [main/INFO] (FabricLoader/MixinExtras|Service) Initializing MixinExtras via com.llamalad7.mixinextras.service.MixinExtrasServiceImpl(version=0.3.5).
[16:51:34] [Datafixer Bootstrap/INFO] (Minecraft) 188 Datafixer optimizations took 69 milliseconds
[16:51:35] [Render thread/INFO] (Minecraft) Environment: authHost='https://authserver.mojang.com', accountsHost='https://api.mojang.com', sessionHost='https://sessionserver.mojang.com', servicesHost='https://api.minecraftservices.com', name='PROD'
[16:51:35] [Render thread/ERROR] (Minecraft) Failed to verify authentication
com.mojang.authlib.exceptions.InvalidCredentialsException: Status: 401
	at com.mojang.authlib.exceptions.MinecraftClientHttpException.toAuthenticationException(MinecraftClientHttpException.java:56) ~[authlib-4.0.43.jar:?]
	at com.mojang.authlib.yggdrasil.YggdrasilUserApiService.fetchProperties(YggdrasilUserApiService.java:156) ~[authlib-4.0.43.jar:?]
	at com.mojang.authlib.yggdrasil.YggdrasilUserApiService.<init>(YggdrasilUserApiService.java:55) ~[authlib-4.0.43.jar:?]
	at com.mojang.authlib.yggdrasil.YggdrasilAuthenticationService.createUserApiService(YggdrasilAuthenticationService.java:124) ~[authlib-4.0.43.jar:?]
	at net.minecraft.client.MinecraftClient.createUserApiService(MinecraftClient.java:733) ~[minecraft-merged-project-root-1.20.1-net.fabricmc.yarn.1_20_1.1.20.1+build.10-v2.jar:?]
	at net.minecraft.client.MinecraftClient.<init>(MinecraftClient.java:442) ~[minecraft-merged-project-root-1.20.1-net.fabricmc.yarn.1_20_1.1.20.1+build.10-v2.jar:?]
	at net.minecraft.client.main.Main.main(Main.java:211) ~[minecraft-merged-project-root-1.20.1-net.fabricmc.yarn.1_20_1.1.20.1+build.10-v2.jar:?]
	at net.fabricmc.loader.impl.game.minecraft.MinecraftGameProvider.launch(MinecraftGameProvider.java:470) ~[fabric-loader-0.15.11.jar:?]
	at net.fabricmc.loader.impl.launch.knot.Knot.launch(Knot.java:74) ~[fabric-loader-0.15.11.jar:?]
	at net.fabricmc.loader.impl.launch.knot.KnotClient.main(KnotClient.java:23) ~[fabric-loader-0.15.11.jar:?]
	at net.fabricmc.devlaunchinjector.Main.main(Main.java:86) ~[dev-launch-injector-0.2.1+build.8.jar:?]
Caused by: com.mojang.authlib.exceptions.MinecraftClientHttpException: Status: 401
	at com.mojang.authlib.minecraft.client.MinecraftClient.readInputStream(MinecraftClient.java:85) ~[authlib-4.0.43.jar:?]
	at com.mojang.authlib.minecraft.client.MinecraftClient.get(MinecraftClient.java:48) ~[authlib-4.0.43.jar:?]
	at com.mojang.authlib.yggdrasil.YggdrasilUserApiService.fetchProperties(YggdrasilUserApiService.java:129) ~[authlib-4.0.43.jar:?]
	... 9 more
[16:51:35] [Render thread/INFO] (Minecraft) Setting user: Player266
[16:51:36] [Render thread/INFO] (CSA) Hello Fabric world!
[16:51:36] [Render thread/INFO] (Minecraft) [STDOUT]: Hello from TestItem!
[16:51:36] [Render thread/INFO] (Minecraft) [STDOUT]: Hello from TestBlock!
[16:51:36] [Render thread/INFO] (Indigo) [Indigo] Registering Indigo renderer!
[16:51:36] [Render thread/INFO] (Minecraft) [STDOUT]: Hello from CSA Client!
[16:51:36] [Render thread/INFO] (Minecraft) Backend library: LWJGL version 3.3.1 SNAPSHOT
[16:51:37] [Render thread/INFO] (Minecraft) Reloading ResourceManager: vanilla, fabric (fabric-data-generation-api-v1, fabric-mining-level-api-v1, fabricloader, fabric-commands-v0, fabric-models-v0, fabric-screen-handler-api-v1, fabric-lifecycle-events-v1, fabric-client-tags-api-v1, fabric-crash-report-info-v1, fabric-resource-conditions-api-v1, fabric-renderer-registries-v1, fabric-item-api-v1, fabric-gametest-api-v1, fabric-keybindings-v0, fabric-renderer-api-v1, fabric-rendering-v1, fabric-transitive-access-wideners-v1, fabric-registry-sync-v0, fabric-model-loading-api-v1, fabric-rendering-fluids-v1, fabric-block-api-v1, fabric-rendering-data-attachment-v1, fabric-events-lifecycle-v0, fabric-api-base, fabric-content-registries-v0, fabric-transfer-api-v1, fabric-blockrenderlayer-v1, fabric-events-interaction-v0, fabric-resource-loader-v0, fabric-block-view-api-v2, fabric-game-rule-api-v1, fabric-loot-api-v2, fabric-biome-api-v1, fabric-data-attachment-api-v1, fabric-entity-events-v1, fabric-api-lookup-api-v1, fabric-api, fabric-particles-v1, fabric-renderer-indigo, fabric-command-api-v2, fabric-object-builder-api-v1, fabric-dimensions-v1, fabric-item-group-api-v1, fabric-loot-tables-v1, fabric-command-api-v1, fabric-networking-v0, fabric-message-api-v1, fabric-convention-tags-v1, fabric-screen-api-v1, fabric-networking-api-v1, fabric-recipe-api-v1, csa, fabric-rendering-v0, fabric-containers-v0, fabric-sound-api-v1, fabric-key-binding-api-v1)
[16:51:37] [Worker-Main-4/INFO] (Minecraft) Found unifont_all_no_pua-15.0.06.hex, loading
[16:51:37] [Worker-Main-6/WARN] (Minecraft) Texture csa:block/custom_block with size 100x100 limits mip level from 4 to 2
[16:51:37] [Worker-Main-6/WARN] (Minecraft) minecraft:textures/atlas/blocks.png: dropping miplevel from 4 to 2, because of minimum power of two: 4
[16:51:37] [Realms Notification Availability checker #1/INFO] (Minecraft) Could not authorize you against Realms server: Invalid session id
[16:51:37] [Render thread/WARN] (Minecraft) Missing sound for event: minecraft:item.goat_horn.play
[16:51:37] [Render thread/WARN] (Minecraft) Missing sound for event: minecraft:entity.goat.screaming.horn_break
[16:51:37] [Render thread/INFO] (Minecraft) OpenAL initialized on device CoreAudio Default
[16:51:37] [Render thread/INFO] (Minecraft) Sound engine started
[16:51:38] [Render thread/INFO] (Minecraft) Created: 1024x512x2 minecraft:textures/atlas/blocks.png-atlas
[16:51:38] [Render thread/INFO] (Minecraft) Created: 256x256x4 minecraft:textures/atlas/signs.png-atlas
[16:51:38] [Render thread/INFO] (Minecraft) Created: 512x512x4 minecraft:textures/atlas/shield_patterns.png-atlas
[16:51:38] [Render thread/INFO] (Minecraft) Created: 512x512x4 minecraft:textures/atlas/banner_patterns.png-atlas
[16:51:38] [Render thread/INFO] (Minecraft) Created: 1024x1024x4 minecraft:textures/atlas/armor_trims.png-atlas
[16:51:38] [Render thread/INFO] (Minecraft) Created: 256x256x4 minecraft:textures/atlas/chest.png-atlas
[16:51:38] [Render thread/INFO] (Minecraft) Created: 128x64x4 minecraft:textures/atlas/decorated_pot.png-atlas
[16:51:38] [Render thread/INFO] (Minecraft) Created: 512x256x4 minecraft:textures/atlas/shulker_boxes.png-atlas
[16:51:38] [Render thread/INFO] (Minecraft) Created: 512x256x4 minecraft:textures/atlas/beds.png-atlas
[16:51:38] [Render thread/WARN] (Minecraft) Shader rendertype_entity_translucent_emissive could not find sampler named Sampler2 in the specified shader program.
[16:51:38] [Render thread/INFO] (Minecraft) Created: 256x256x0 minecraft:textures/atlas/particles.png-atlas
[16:51:38] [Render thread/INFO] (Minecraft) Created: 256x256x0 minecraft:textures/atlas/paintings.png-atlas
[16:51:38] [Render thread/INFO] (Minecraft) Created: 128x128x0 minecraft:textures/atlas/mob_effects.png-atlas
[16:52:05] [Render thread/INFO] (Minecraft) Loaded 7 recipes
[16:52:05] [Render thread/INFO] (Minecraft) Loaded 1271 advancements
[16:52:05] [Render thread/INFO] (BiomeModificationImpl) Applied 0 biome modifications to 0 of 64 new biomes in 852.5 μs
[16:52:05] [Server thread/INFO] (Minecraft) Starting integrated minecraft server version 1.20.1
[16:52:05] [Server thread/INFO] (Minecraft) Generating keypair
[16:52:06] [Server thread/INFO] (Minecraft) Preparing start region for dimension minecraft:overworld
[16:52:07] [Render thread/INFO] (Minecraft) Preparing spawn area: 0%
[16:52:07] [Render thread/INFO] (Minecraft) Preparing spawn area: 0%
[16:52:07] [Render thread/INFO] (Minecraft) Preparing spawn area: 0%
[16:52:07] [Render thread/INFO] (Minecraft) Preparing spawn area: 0%
[16:52:08] [Render thread/INFO] (Minecraft) Time elapsed: 1971 ms
[16:52:08] [Server thread/INFO] (Minecraft) Changing view distance to 12, from 10
[16:52:08] [Server thread/INFO] (Minecraft) Changing simulation distance to 12, from 0
[16:52:08] [Server thread/INFO] (Minecraft) Player266[local:E:e8918538] logged in with entity id 215 at (-48.01485428268572, 68.0, -58.71312845353077)
[16:52:08] [Server thread/INFO] (Minecraft) Player266 joined the game
[16:52:09] [Render thread/INFO] (Minecraft) Loaded 5 advancements
[16:52:12] [Server thread/INFO] (Minecraft) Saving and pausing game...
[16:52:12] [Server thread/INFO] (Minecraft) Saving chunks for level 'ServerLevel[New World]'/minecraft:overworld
[16:52:12] [Server thread/INFO] (Minecraft) Saving chunks for level 'ServerLevel[New World]'/minecraft:the_nether
[16:52:12] [Server thread/INFO] (Minecraft) Saving chunks for level 'ServerLevel[New World]'/minecraft:the_end
[16:52:13] [Server thread/INFO] (Minecraft) Player266 lost connection: Disconnected
[16:52:13] [Server thread/INFO] (Minecraft) Player266 left the game
[16:52:13] [Server thread/INFO] (Minecraft) Stopping singleplayer server as player logged out
[16:52:13] [Server thread/INFO] (Minecraft) Stopping server
[16:52:13] [Server thread/INFO] (Minecraft) Saving players
[16:52:13] [Server thread/INFO] (Minecraft) Saving worlds
[16:52:13] [Server thread/INFO] (Minecraft) Saving chunks for level 'ServerLevel[New World]'/minecraft:overworld
[16:52:13] [Server thread/INFO] (Minecraft) Saving chunks for level 'ServerLevel[New World]'/minecraft:the_nether
[16:52:13] [Server thread/INFO] (Minecraft) Saving chunks for level 'ServerLevel[New World]'/minecraft:the_end
[16:52:13] [Server thread/INFO] (Minecraft) ThreadedAnvilChunkStorage (New World): All chunks are saved
[16:52:13] [Server thread/INFO] (Minecraft) ThreadedAnvilChunkStorage (DIM-1): All chunks are saved
[16:52:13] [Server thread/INFO] (Minecraft) ThreadedAnvilChunkStorage (DIM1): All chunks are saved
[16:52:13] [Server thread/INFO] (Minecraft) ThreadedAnvilChunkStorage: All dimensions are saved
[16:52:14] [Render thread/INFO] (Minecraft) Stopping!
